<?xml version="1.0" encoding="UTF-8"?>
<!-- Generated by org.testng.reporters.JUnitReportReporter -->
<testsuite hostname="ADMIN-PC" name="javaScriptExec.TOGenerateAlertDemo" tests="1" failures="0" timestamp="21 Apr 2016 10:47:30 GMT" time="13.307" errors="0">
  <testcase name="toGenerateAlert" time="13.307" classname="javaScriptExec.TOGenerateAlertDemo"/>
</testsuite> <!-- javaScriptExec.TOGenerateAlertDemo -->
