<?xml version="1.0" encoding="UTF-8"?>
<!-- Generated by org.testng.reporters.JUnitReportReporter -->
<testsuite hostname="intel-PC" name="demoPrograms.FileDownloadExample" tests="1" failures="0" timestamp="15 Apr 2016 10:05:16 GMT" time="13.457" errors="0">
  <testcase name="testDownload" time="13.457" classname="demoPrograms.FileDownloadExample"/>
</testsuite> <!-- demoPrograms.FileDownloadExample -->
