<?xml version="1.0" encoding="UTF-8"?>
<!-- Generated by org.testng.reporters.JUnitReportReporter -->
<testsuite hostname="intel-PC" name="DemoPrograms.RobotClassDemo" tests="1" failures="0" timestamp="14 Apr 2016 12:16:30 GMT" time="12.858" errors="0">
  <testcase name="robotClass" time="12.858" classname="DemoPrograms.RobotClassDemo"/>
</testsuite> <!-- DemoPrograms.RobotClassDemo -->
