<?xml version="1.0" encoding="UTF-8"?>
<!-- Generated by org.testng.reporters.JUnitReportReporter -->
<testsuite hostname="ADMIN-PC" name="excelData.DataFromExcelDemo" tests="1" failures="0" timestamp="24 Apr 2016 15:15:58 GMT" time="20.176" errors="0">
  <testcase name="checkValidLogin" time="20.176" classname="excelData.DataFromExcelDemo"/>
</testsuite> <!-- excelData.DataFromExcelDemo -->
