<?xml version="1.0" encoding="UTF-8"?>
<!-- Generated by org.testng.reporters.JUnitReportReporter -->
<testsuite hostname="intel-PC" name="DemoPrograms.WindowHandleDemo" tests="1" failures="0" timestamp="14 Apr 2016 14:20:03 GMT" time="10.789" errors="0">
  <testcase name="windowHandleMethod" time="10.789" classname="DemoPrograms.WindowHandleDemo"/>
</testsuite> <!-- DemoPrograms.WindowHandleDemo -->
