<?xml version="1.0" encoding="UTF-8"?>
<!-- Generated by org.testng.reporters.JUnitReportReporter -->
<testsuite hostname="intel-PC" name="DemoPrograms.ScrollBarDemo" tests="1" failures="0" timestamp="14 Apr 2016 11:45:19 GMT" time="12.194" errors="0">
  <testcase name="scrollBar" time="12.194" classname="DemoPrograms.ScrollBarDemo"/>
</testsuite> <!-- DemoPrograms.ScrollBarDemo -->
