<?xml version="1.0" encoding="UTF-8"?>
<!-- Generated by org.testng.reporters.JUnitReportReporter -->
<testsuite hostname="ADMIN-PC" name="demoPrograms.AlertsPopupsDemo" tests="1" failures="1" timestamp="18 Apr 2016 16:01:32 GMT" time="52.235" errors="0">
  <testcase name="alertsDemo" time="52.235" classname="demoPrograms.AlertsPopupsDemo">
    <failure type="org.openqa.selenium.WebDriverException" message="Failed to connect to binary FirefoxBinary(C:\Program Files\Mozilla Firefox\firefox.exe) on port 7055; process output follows: 
{&quot;app-profile&quot;:{&quot;fxdriver@googlecode.com&quot;:{&quot;d&quot;:&quot;C:\\Users\\ADMIN\\AppData\\Local\\Temp\\anonymous2001268126339683584webdriver-profile\\extensions\\fxdriver@googlecode.com&quot;,&quot;e&quot;:false,&quot;v&quot;:&quot;2.45.0&quot;,&quot;st&quot;:1460995241284,&quot;mt&quot;:1460995241254}},&quot;app-system-defaults&quot;:{&quot;loop@mozilla.org&quot;:{&quot;d&quot;:&quot;C:\\Program Files\\Mozilla Firefox\\browser\\features\\loop@mozilla.org.xpi&quot;,&quot;e&quot;:true,&quot;v&quot;:&quot;1.1.14&quot;,&quot;st&quot;:1460739787832}},&quot;winreg-app-user&quot;:{&quot;{22119944-ED35-4ab1-910B-E619EA06A115}&quot;:{&quot;d&quot;:&quot;C:\\Program Files\\Siber Systems\\AI RoboForm\\Firefox&quot;,&quot;e&quot;:false,&quot;v&quot;:&quot;7.9.11.5&quot;,&quot;st&quot;:1418927216000,&quot;mt&quot;:1418927196714}},&quot;app-global&quot;:{&quot;{82AF8DCA-6DE9-405D-BD5E-43525BDAD38A}&quot;:{&quot;d&quot;:&quot;C:\\Program Files\\Mozilla Firefox\\browser\\extensions\\{82AF8DCA-6DE9-405D-BD5E-43525BDAD38A}.xpi&quot;,&quot;e&quot;:true,&quot;v&quot;:&quot;8.0.0.9103&quot;,&quot;st&quot;:1452090606000},&quot;{972ce4c6-7e08-4474-a285-3208198ce6fd}&quot;:{&quot;d&quot;:&quot;C:\\Program Files\\Mozilla Firefox\\browser\\extensions\\{972ce4c6-7e08-4474-a285-3208198ce6fd}.xpi&quot;,&quot;e&quot;:true,&quot;v&quot;:&quot;45.0.2&quot;,&quot;st&quot;:1460739787832}},&quot;winreg-app-global&quot;:{&quot;{22119944-ED35-4ab1-910B-E619EA06A115}&quot;:{&quot;d&quot;:&quot;C:\\Program Files\\Siber Systems\\AI RoboForm\\Firefox&quot;,&quot;e&quot;:false,&quot;v&quot;:&quot;7.9.11.5&quot;,&quot;st&quot;:1418927216000,&quot;mt&quot;:1418927196714},&quot;WebProtection@360safe.com&quot;:{&quot;d&quot;:&quot;C:\\Program Files\\360\\Total Security\\safemon\\webprotection_firefox&quot;,&quot;e&quot;:false,&quot;v&quot;:&quot;5.0.0.1002&quot;,&quot;st&quot;:1457892486363,&quot;mt&quot;:1454307633492}}}
1460995247499	addons.xpi	DEBUG	No changes found
1460995247506	addons.xpi	DEBUG	Registering manifest for C:\Program Files\Mozilla Firefox\browser\features\loop@mozilla.org.xpi
1460995247507	addons.xpi	DEBUG	Loading bootstrap scope from C:\Program Files\Mozilla Firefox\browser\features\loop@mozilla.org.xpi
1460995247521	addons.xpi	DEBUG	Calling bootstrap method startup on loop@mozilla.org version 1.1.14
1460995247534	addons.xpi-utils	DEBUG	Starting async load of XPI database C:\Users\ADMIN\AppData\Local\Temp\anonymous2001268126339683584webdriver-profile\extensions.json
1460995247541	addons.manager	DEBUG	Starting provider: &lt;unnamed-provider&gt;
1460995247541	addons.manager	DEBUG	Registering shutdown blocker for &lt;unnamed-provider&gt;
1460995247541	addons.manager	DEBUG	Provider finished startup: &lt;unnamed-provider&gt;
1460995247552	addons.xpi	DEBUG	Registering manifest for C:\Program Files\Mozilla Firefox\browser\extensions\{82AF8DCA-6DE9-405D-BD5E-43525BDAD38A}.xpi
1460995247553	addons.xpi	DEBUG	Loading bootstrap scope from C:\Program Files\Mozilla Firefox\browser\extensions\{82AF8DCA-6DE9-405D-BD5E-43525BDAD38A}.xpi
1460995247556	addons.xpi	DEBUG	Calling bootstrap method startup on {82AF8DCA-6DE9-405D-BD5E-43525BDAD38A} version 8.0.0.9103
1460995247603	addons.manager	DEBUG	Registering shutdown blocker for XPIProvider
1460995247603	addons.manager	DEBUG	Provider finished startup: XPIProvider
1460995247603	addons.manager	DEBUG	Starting provider: LightweightThemeManager
1460995247603	addons.manager	DEBUG	Registering shutdown blocker for LightweightThemeManager
1460995247603	addons.manager	DEBUG	Provider finished startup: LightweightThemeManager
1460995247604	addons.manager	DEBUG	Starting provider: GMPProvider
1460995247609	addons.manager	DEBUG	Registering shutdown blocker for GMPProvider
1460995247610	addons.manager	DEBUG	Provider finished startup: GMPProvider
1460995247610	addons.manager	DEBUG	Starting provider: PluginProvider
1460995247610	addons.manager	DEBUG	Registering shutdown blocker for PluginProvider
1460995247610	addons.manager	DEBUG	Provider finished startup: PluginProvider
1460995247610	addons.manager	DEBUG	Completed startup sequence
1460995247850	addons.xpi-utils	DEBUG	Async JSON file read took 0 MS
1460995247850	addons.xpi-utils	DEBUG	Finished async read of XPI database, parsing...
1460995247852	addons.xpi-utils	DEBUG	Successfully read XPI database
*** Blocklist::_loadBlocklistFromFile: blocklist is disabled
1460995247960	addons.manager	DEBUG	Starting provider: PreviousExperimentProvider
1460995247960	addons.manager	DEBUG	Registering shutdown blocker for PreviousExperimentProvider
1460995247960	addons.manager	DEBUG	Provider finished startup: PreviousExperimentProvider

Build info: version: &#039;2.45.0&#039;, revision: &#039;5017cb8&#039;, time: &#039;2015-02-26 23:59:50&#039;
System info: host: &#039;ADMIN-PC&#039;, ip: &#039;192.168.56.1&#039;, os.name: &#039;Windows 7&#039;, os.arch: &#039;x86&#039;, os.version: &#039;6.1&#039;, java.version: &#039;1.8.0_77&#039;
Driver info: driver.version: FirefoxDriver">
      <![CDATA[org.openqa.selenium.WebDriverException: Failed to connect to binary FirefoxBinary(C:\Program Files\Mozilla Firefox\firefox.exe) on port 7055; process output follows: 
{"app-profile":{"fxdriver@googlecode.com":{"d":"C:\\Users\\ADMIN\\AppData\\Local\\Temp\\anonymous2001268126339683584webdriver-profile\\extensions\\fxdriver@googlecode.com","e":false,"v":"2.45.0","st":1460995241284,"mt":1460995241254}},"app-system-defaults":{"loop@mozilla.org":{"d":"C:\\Program Files\\Mozilla Firefox\\browser\\features\\loop@mozilla.org.xpi","e":true,"v":"1.1.14","st":1460739787832}},"winreg-app-user":{"{22119944-ED35-4ab1-910B-E619EA06A115}":{"d":"C:\\Program Files\\Siber Systems\\AI RoboForm\\Firefox","e":false,"v":"7.9.11.5","st":1418927216000,"mt":1418927196714}},"app-global":{"{82AF8DCA-6DE9-405D-BD5E-43525BDAD38A}":{"d":"C:\\Program Files\\Mozilla Firefox\\browser\\extensions\\{82AF8DCA-6DE9-405D-BD5E-43525BDAD38A}.xpi","e":true,"v":"8.0.0.9103","st":1452090606000},"{972ce4c6-7e08-4474-a285-3208198ce6fd}":{"d":"C:\\Program Files\\Mozilla Firefox\\browser\\extensions\\{972ce4c6-7e08-4474-a285-3208198ce6fd}.xpi","e":true,"v":"45.0.2","st":1460739787832}},"winreg-app-global":{"{22119944-ED35-4ab1-910B-E619EA06A115}":{"d":"C:\\Program Files\\Siber Systems\\AI RoboForm\\Firefox","e":false,"v":"7.9.11.5","st":1418927216000,"mt":1418927196714},"WebProtection@360safe.com":{"d":"C:\\Program Files\\360\\Total Security\\safemon\\webprotection_firefox","e":false,"v":"5.0.0.1002","st":1457892486363,"mt":1454307633492}}}
1460995247499	addons.xpi	DEBUG	No changes found
1460995247506	addons.xpi	DEBUG	Registering manifest for C:\Program Files\Mozilla Firefox\browser\features\loop@mozilla.org.xpi
1460995247507	addons.xpi	DEBUG	Loading bootstrap scope from C:\Program Files\Mozilla Firefox\browser\features\loop@mozilla.org.xpi
1460995247521	addons.xpi	DEBUG	Calling bootstrap method startup on loop@mozilla.org version 1.1.14
1460995247534	addons.xpi-utils	DEBUG	Starting async load of XPI database C:\Users\ADMIN\AppData\Local\Temp\anonymous2001268126339683584webdriver-profile\extensions.json
1460995247541	addons.manager	DEBUG	Starting provider: <unnamed-provider>
1460995247541	addons.manager	DEBUG	Registering shutdown blocker for <unnamed-provider>
1460995247541	addons.manager	DEBUG	Provider finished startup: <unnamed-provider>
1460995247552	addons.xpi	DEBUG	Registering manifest for C:\Program Files\Mozilla Firefox\browser\extensions\{82AF8DCA-6DE9-405D-BD5E-43525BDAD38A}.xpi
1460995247553	addons.xpi	DEBUG	Loading bootstrap scope from C:\Program Files\Mozilla Firefox\browser\extensions\{82AF8DCA-6DE9-405D-BD5E-43525BDAD38A}.xpi
1460995247556	addons.xpi	DEBUG	Calling bootstrap method startup on {82AF8DCA-6DE9-405D-BD5E-43525BDAD38A} version 8.0.0.9103
1460995247603	addons.manager	DEBUG	Registering shutdown blocker for XPIProvider
1460995247603	addons.manager	DEBUG	Provider finished startup: XPIProvider
1460995247603	addons.manager	DEBUG	Starting provider: LightweightThemeManager
1460995247603	addons.manager	DEBUG	Registering shutdown blocker for LightweightThemeManager
1460995247603	addons.manager	DEBUG	Provider finished startup: LightweightThemeManager
1460995247604	addons.manager	DEBUG	Starting provider: GMPProvider
1460995247609	addons.manager	DEBUG	Registering shutdown blocker for GMPProvider
1460995247610	addons.manager	DEBUG	Provider finished startup: GMPProvider
1460995247610	addons.manager	DEBUG	Starting provider: PluginProvider
1460995247610	addons.manager	DEBUG	Registering shutdown blocker for PluginProvider
1460995247610	addons.manager	DEBUG	Provider finished startup: PluginProvider
1460995247610	addons.manager	DEBUG	Completed startup sequence
1460995247850	addons.xpi-utils	DEBUG	Async JSON file read took 0 MS
1460995247850	addons.xpi-utils	DEBUG	Finished async read of XPI database, parsing...
1460995247852	addons.xpi-utils	DEBUG	Successfully read XPI database
*** Blocklist::_loadBlocklistFromFile: blocklist is disabled
1460995247960	addons.manager	DEBUG	Starting provider: PreviousExperimentProvider
1460995247960	addons.manager	DEBUG	Registering shutdown blocker for PreviousExperimentProvider
1460995247960	addons.manager	DEBUG	Provider finished startup: PreviousExperimentProvider

Build info: version: '2.45.0', revision: '5017cb8', time: '2015-02-26 23:59:50'
System info: host: 'ADMIN-PC', ip: '192.168.56.1', os.name: 'Windows 7', os.arch: 'x86', os.version: '6.1', java.version: '1.8.0_77'
Driver info: driver.version: FirefoxDriver
	at org.openqa.selenium.firefox.internal.NewProfileExtensionConnection.start(NewProfileExtensionConnection.java:130)
	at org.openqa.selenium.firefox.FirefoxDriver.startClient(FirefoxDriver.java:246)
	at org.openqa.selenium.remote.RemoteWebDriver.<init>(RemoteWebDriver.java:114)
	at org.openqa.selenium.firefox.FirefoxDriver.<init>(FirefoxDriver.java:193)
	at org.openqa.selenium.firefox.FirefoxDriver.<init>(FirefoxDriver.java:186)
	at org.openqa.selenium.firefox.FirefoxDriver.<init>(FirefoxDriver.java:182)
	at org.openqa.selenium.firefox.FirefoxDriver.<init>(FirefoxDriver.java:95)
	at demoPrograms.AlertsPopupsDemo.alertsDemo(AlertsPopupsDemo.java:16)
	at sun.reflect.NativeMethodAccessorImpl.invoke0(Native Method)
	at sun.reflect.NativeMethodAccessorImpl.invoke(Unknown Source)
	at sun.reflect.DelegatingMethodAccessorImpl.invoke(Unknown Source)
	at java.lang.reflect.Method.invoke(Unknown Source)
	at org.testng.internal.MethodInvocationHelper.invokeMethod(MethodInvocationHelper.java:84)
	at org.testng.internal.Invoker.invokeMethod(Invoker.java:714)
	at org.testng.internal.Invoker.invokeTestMethod(Invoker.java:901)
	at org.testng.internal.Invoker.invokeTestMethods(Invoker.java:1231)
	at org.testng.internal.TestMethodWorker.invokeTestMethods(TestMethodWorker.java:127)
	at org.testng.internal.TestMethodWorker.run(TestMethodWorker.java:111)
	at org.testng.TestRunner.privateRun(TestRunner.java:767)
	at org.testng.TestRunner.run(TestRunner.java:617)
	at org.testng.SuiteRunner.runTest(SuiteRunner.java:334)
	at org.testng.SuiteRunner.runSequentially(SuiteRunner.java:329)
	at org.testng.SuiteRunner.privateRun(SuiteRunner.java:291)
	at org.testng.SuiteRunner.run(SuiteRunner.java:240)
	at org.testng.SuiteRunnerWorker.runSuite(SuiteRunnerWorker.java:52)
	at org.testng.SuiteRunnerWorker.run(SuiteRunnerWorker.java:86)
	at org.testng.TestNG.runSuitesSequentially(TestNG.java:1224)
	at org.testng.TestNG.runSuitesLocally(TestNG.java:1149)
	at org.testng.TestNG.run(TestNG.java:1057)
	at org.testng.remote.AbstractRemoteTestNG.run(AbstractRemoteTestNG.java:126)
	at org.testng.remote.RemoteTestNG.initAndRun(RemoteTestNG.java:137)
	at org.testng.remote.RemoteTestNG.main(RemoteTestNG.java:58)
Caused by: org.openqa.selenium.firefox.NotConnectedException: Unable to connect to host 127.0.0.1 on port 7055 after 45000 ms. Firefox console output:
{"app-profile":{"fxdriver@googlecode.com":{"d":"C:\\Users\\ADMIN\\AppData\\Local\\Temp\\anonymous2001268126339683584webdriver-profile\\extensions\\fxdriver@googlecode.com","e":false,"v":"2.45.0","st":1460995241284,"mt":1460995241254}},"app-system-defaults":{"loop@mozilla.org":{"d":"C:\\Program Files\\Mozilla Firefox\\browser\\features\\loop@mozilla.org.xpi","e":true,"v":"1.1.14","st":1460739787832}},"winreg-app-user":{"{22119944-ED35-4ab1-910B-E619EA06A115}":{"d":"C:\\Program Files\\Siber Systems\\AI RoboForm\\Firefox","e":false,"v":"7.9.11.5","st":1418927216000,"mt":1418927196714}},"app-global":{"{82AF8DCA-6DE9-405D-BD5E-43525BDAD38A}":{"d":"C:\\Program Files\\Mozilla Firefox\\browser\\extensions\\{82AF8DCA-6DE9-405D-BD5E-43525BDAD38A}.xpi","e":true,"v":"8.0.0.9103","st":1452090606000},"{972ce4c6-7e08-4474-a285-3208198ce6fd}":{"d":"C:\\Program Files\\Mozilla Firefox\\browser\\extensions\\{972ce4c6-7e08-4474-a285-3208198ce6fd}.xpi","e":true,"v":"45.0.2","st":1460739787832}},"winreg-app-global":{"{22119944-ED35-4ab1-910B-E619EA06A115}":{"d":"C:\\Program Files\\Siber Systems\\AI RoboForm\\Firefox","e":false,"v":"7.9.11.5","st":1418927216000,"mt":1418927196714},"WebProtection@360safe.com":{"d":"C:\\Program Files\\360\\Total Security\\safemon\\webprotection_firefox","e":false,"v":"5.0.0.1002","st":1457892486363,"mt":1454307633492}}}
1460995247499	addons.xpi	DEBUG	No changes found
1460995247506	addons.xpi	DEBUG	Registering manifest for C:\Program Files\Mozilla Firefox\browser\features\loop@mozilla.org.xpi
1460995247507	addons.xpi	DEBUG	Loading bootstrap scope from C:\Program Files\Mozilla Firefox\browser\features\loop@mozilla.org.xpi
1460995247521	addons.xpi	DEBUG	Calling bootstrap method startup on loop@mozilla.org version 1.1.14
1460995247534	addons.xpi-utils	DEBUG	Starting async load of XPI database C:\Users\ADMIN\AppData\Local\Temp\anonymous2001268126339683584webdriver-profile\extensions.json
1460995247541	addons.manager	DEBUG	Starting provider: <unnamed-provider>
1460995247541	addons.manager	DEBUG	Registering shutdown blocker for <unnamed-provider>
1460995247541	addons.manager	DEBUG	Provider finished startup: <unnamed-provider>
1460995247552	addons.xpi	DEBUG	Registering manifest for C:\Program Files\Mozilla Firefox\browser\extensions\{82AF8DCA-6DE9-405D-BD5E-43525BDAD38A}.xpi
1460995247553	addons.xpi	DEBUG	Loading bootstrap scope from C:\Program Files\Mozilla Firefox\browser\extensions\{82AF8DCA-6DE9-405D-BD5E-43525BDAD38A}.xpi
1460995247556	addons.xpi	DEBUG	Calling bootstrap method startup on {82AF8DCA-6DE9-405D-BD5E-43525BDAD38A} version 8.0.0.9103
1460995247603	addons.manager	DEBUG	Registering shutdown blocker for XPIProvider
1460995247603	addons.manager	DEBUG	Provider finished startup: XPIProvider
1460995247603	addons.manager	DEBUG	Starting provider: LightweightThemeManager
1460995247603	addons.manager	DEBUG	Registering shutdown blocker for LightweightThemeManager
1460995247603	addons.manager	DEBUG	Provider finished startup: LightweightThemeManager
1460995247604	addons.manager	DEBUG	Starting provider: GMPProvider
1460995247609	addons.manager	DEBUG	Registering shutdown blocker for GMPProvider
1460995247610	addons.manager	DEBUG	Provider finished startup: GMPProvider
1460995247610	addons.manager	DEBUG	Starting provider: PluginProvider
1460995247610	addons.manager	DEBUG	Registering shutdown blocker for PluginProvider
1460995247610	addons.manager	DEBUG	Provider finished startup: PluginProvider
1460995247610	addons.manager	DEBUG	Completed startup sequence
1460995247850	addons.xpi-utils	DEBUG	Async JSON file read took 0 MS
1460995247850	addons.xpi-utils	DEBUG	Finished async read of XPI database, parsing...
1460995247852	addons.xpi-utils	DEBUG	Successfully read XPI database
*** Blocklist::_loadBlocklistFromFile: blocklist is disabled
1460995247960	addons.manager	DEBUG	Starting provider: PreviousExperimentProvider
1460995247960	addons.manager	DEBUG	Registering shutdown blocker for PreviousExperimentProvider
1460995247960	addons.manager	DEBUG	Provider finished startup: PreviousExperimentProvider

	at org.openqa.selenium.firefox.internal.NewProfileExtensionConnection.start(NewProfileExtensionConnection.java:118)
	... 31 more
]]>
    </failure>
  </testcase> <!-- alertsDemo -->
</testsuite> <!-- demoPrograms.AlertsPopupsDemo -->
