<?xml version="1.0" encoding="UTF-8"?>
<!-- Generated by org.testng.reporters.JUnitReportReporter -->
<testsuite hostname="intel-PC" name="demoPrograms.FindBrokenLinksExample" tests="1" failures="0" timestamp="15 Apr 2016 11:48:39 GMT" time="46.682" errors="0">
  <testcase name="validateInvalidLinks" time="46.682" classname="demoPrograms.FindBrokenLinksExample"/>
</testsuite> <!-- demoPrograms.FindBrokenLinksExample -->
