<?xml version="1.0" encoding="UTF-8"?>
<!-- Generated by org.testng.reporters.JUnitReportReporter -->
<testsuite hostname="intel-PC" name="DemoPrograms.CLickDemo" tests="1" failures="0" timestamp="14 Apr 2016 04:17:35 GMT" time="14.516" errors="0">
  <testcase name="clicks" time="14.516" classname="DemoPrograms.CLickDemo"/>
</testsuite> <!-- DemoPrograms.CLickDemo -->
