<?xml version="1.0" encoding="UTF-8"?>
<!-- Generated by org.testng.reporters.JUnitReportReporter -->
<testsuite hostname="ADMIN-PC" name="keyBoardEvents.KeyBoardEventsDemo" tests="1" failures="0" timestamp="21 Apr 2016 18:12:09 GMT" time="14.628" errors="0">
  <testcase name="keywordEvents" time="14.628" classname="keyBoardEvents.KeyBoardEventsDemo"/>
</testsuite> <!-- keyBoardEvents.KeyBoardEventsDemo -->
