<?xml version="1.0" encoding="UTF-8"?>
<!-- Generated by org.testng.reporters.JUnitReportReporter -->
<testsuite hostname="intel-PC" name="demoPrograms.KeysChordDemo" tests="1" failures="0" timestamp="15 Apr 2016 12:25:51 GMT" time="8.815" errors="0">
  <testcase name="testKeys_Chord" time="8.815" classname="demoPrograms.KeysChordDemo"/>
</testsuite> <!-- demoPrograms.KeysChordDemo -->
