<?xml version="1.0" encoding="UTF-8"?>
<!-- Generated by org.testng.reporters.JUnitReportReporter -->
<testsuite hostname="ADMIN-PC" name="javaScriptExec.IsEnabled" tests="1" failures="0" timestamp="21 Apr 2016 10:42:33 GMT" time="11.684" errors="0">
  <testcase name="clicks" time="11.684" classname="javaScriptExec.IsEnabled"/>
</testsuite> <!-- javaScriptExec.IsEnabled -->
