<?xml version="1.0" encoding="UTF-8"?>
<!-- Generated by org.testng.reporters.JUnitReportReporter -->
<testsuite hostname="ADMIN-PC" name="synchronization.WebelementHighlightDemo" tests="1" failures="0" timestamp="21 Apr 2016 11:55:06 GMT" time="10.271" errors="0">
  <testcase name="test" time="10.271" classname="synchronization.WebelementHighlightDemo"/>
</testsuite> <!-- synchronization.WebelementHighlightDemo -->
