<?xml version="1.0" encoding="UTF-8"?>
<!-- Generated by org.testng.reporters.JUnitReportReporter -->
<testsuite hostname="intel-PC" name="DemoPrograms.MultiBrowserDemo" tests="4" failures="0" timestamp="13 Apr 2016 18:30:21 GMT" time="37.963" errors="0">
  <testcase name="headLessBrowser" time="2.738" classname="DemoPrograms.MultiBrowserDemo"/>
  <testcase name="firefoxBrowser" time="12.774" classname="DemoPrograms.MultiBrowserDemo"/>
  <testcase name="chromeBrowser" time="10.618" classname="DemoPrograms.MultiBrowserDemo"/>
  <testcase name="internetExplorer" time="11.833" classname="DemoPrograms.MultiBrowserDemo"/>
</testsuite> <!-- DemoPrograms.MultiBrowserDemo -->
