<?xml version="1.0" encoding="UTF-8"?>
<!-- Generated by org.testng.reporters.JUnitReportReporter -->
<testsuite hostname="ADMIN-PC" name="testNG.dataProvider.LogInCase" tests="3" failures="0" timestamp="21 Apr 2016 16:43:42 GMT" time="6.650" errors="0">
  <testcase name="LogIn" time="2.497" classname="testNG.dataProvider.LogInCase"/>
  <testcase name="LogIn" time="1.643" classname="testNG.dataProvider.LogInCase"/>
  <testcase name="LogIn" time="2.510" classname="testNG.dataProvider.LogInCase"/>
</testsuite> <!-- testNG.dataProvider.LogInCase -->
