<?xml version="1.0" encoding="UTF-8"?>
<!-- Generated by org.testng.reporters.JUnitReportReporter -->
<testsuite hostname="intel-PC" name="demoPrograms.UploadFileAutoIT" tests="1" failures="0" timestamp="15 Apr 2016 12:23:23 GMT" time="9.029" errors="0">
  <testcase name="testUpload" time="9.029" classname="demoPrograms.UploadFileAutoIT"/>
</testsuite> <!-- demoPrograms.UploadFileAutoIT -->
