<?xml version="1.0" encoding="UTF-8"?>
<!-- Generated by org.testng.reporters.JUnitReportReporter -->
<testsuite hostname="ADMIN-PC" name="testNG.ExpectedException" tests="1" failures="0" timestamp="21 Apr 2016 18:00:50 GMT" time="10.208" errors="0">
  <testcase name="testCaseOne_Test_One" time="10.208" classname="testNG.ExpectedException"/>
</testsuite> <!-- testNG.ExpectedException -->
