<?xml version="1.0" encoding="UTF-8"?>
<!-- Generated by org.testng.reporters.JUnitReportReporter -->
<testsuite hostname="intel-PC" name="DemoPrograms.DataFromExcelDemo" tests="1" failures="0" timestamp="14 Apr 2016 11:32:49 GMT" time="19.583" errors="0">
  <testcase name="checkValidLogin" time="19.583" classname="DemoPrograms.DataFromExcelDemo"/>
</testsuite> <!-- DemoPrograms.DataFromExcelDemo -->
