<?xml version="1.0" encoding="UTF-8"?>
<!-- Generated by org.testng.reporters.JUnitReportReporter -->
<testsuite hostname="intel-PC" name="DemoPrograms.TestNGGroupsDemo" tests="2" failures="0" timestamp="14 Apr 2016 03:12:50 GMT" time="0.016" errors="0">
  <testcase name="mahindra" time="0.016" classname="DemoPrograms.TestNGGroupsDemo"/>
  <testcase name="tata" time="0.000" classname="DemoPrograms.TestNGGroupsDemo"/>
</testsuite> <!-- DemoPrograms.TestNGGroupsDemo -->
