<?xml version="1.0" encoding="UTF-8"?>
<!-- Generated by org.testng.reporters.JUnitReportReporter -->
<testsuite hostname="ADMIN-PC" name="browser.DeleteCookie" tests="1" failures="0" timestamp="24 Apr 2016 15:06:46 GMT" time="12.816" errors="0">
  <testcase name="deleteAllCookiesExample" time="12.816" classname="browser.DeleteCookie"/>
</testsuite> <!-- browser.DeleteCookie -->
