<?xml version="1.0" encoding="UTF-8"?>
<!-- Generated by org.testng.reporters.JUnitReportReporter -->
<testsuite hostname="intel-PC" name="DemoPrograms.WindowExamples" tests="1" failures="0" timestamp="14 Apr 2016 13:43:06 GMT" time="11.486" errors="0">
  <testcase name="test_CloseAllWindowsExceptMainWindow" time="11.486" classname="DemoPrograms.WindowExamples"/>
</testsuite> <!-- DemoPrograms.WindowExamples -->
