<?xml version="1.0" encoding="UTF-8"?>
<!-- Generated by org.testng.reporters.JUnitReportReporter -->
<testsuite hostname="intel-PC" name="demoPrograms.SwitchBetTabsDemo" tests="1" failures="0" timestamp="15 Apr 2016 08:54:54 GMT" time="12.941" errors="0">
  <testcase name="testTabs" time="12.941" classname="demoPrograms.SwitchBetTabsDemo"/>
</testsuite> <!-- demoPrograms.SwitchBetTabsDemo -->
