<?xml version="1.0" encoding="UTF-8"?>
<!-- Generated by org.testng.reporters.JUnitReportReporter -->
<testsuite hostname="intel-PC" name="demoPrograms.FindBrokenImages" tests="1" failures="0" timestamp="15 Apr 2016 11:45:19 GMT" time="1.817" errors="0">
  <testcase name="validateInvalidImages" time="1.817" classname="demoPrograms.FindBrokenImages"/>
</testsuite> <!-- demoPrograms.FindBrokenImages -->
