<?xml version="1.0" encoding="UTF-8"?>
<!-- Generated by org.testng.reporters.JUnitReportReporter -->
<testsuite hostname="ADMIN-PC" name="javaScriptExec.GetDomainNameDemo" tests="1" failures="0" timestamp="21 Apr 2016 10:50:09 GMT" time="11.734" errors="0">
  <testcase name="getDomainName" time="11.734" classname="javaScriptExec.GetDomainNameDemo"/>
</testsuite> <!-- javaScriptExec.GetDomainNameDemo -->
