<?xml version="1.0" encoding="UTF-8"?>
<!-- Generated by org.testng.reporters.JUnitReportReporter -->
<testsuite hostname="intel-PC" name="DemoPrograms.MultipleLinksDemo" tests="1" failures="0" timestamp="14 Apr 2016 04:31:16 GMT" time="52.930" errors="0">
  <testcase name="multipleLinks" time="52.930" classname="DemoPrograms.MultipleLinksDemo"/>
</testsuite> <!-- DemoPrograms.MultipleLinksDemo -->
