<?xml version="1.0" encoding="UTF-8"?>
<!-- Generated by org.testng.reporters.JUnitReportReporter -->
<testsuite hostname="ADMIN-PC" name="javaScriptExec.ElementHighlight" tests="1" failures="0" timestamp="20 Apr 2016 14:01:04 GMT" time="20.058" errors="0">
  <testcase name="GoogleSearch" time="20.058" classname="javaScriptExec.ElementHighlight"/>
</testsuite> <!-- javaScriptExec.ElementHighlight -->
