<?xml version="1.0" encoding="UTF-8"?>
<!-- Generated by org.testng.reporters.JUnitReportReporter -->
<testsuite hostname="intel-PC" name="demoPrograms.MouseEventsDemo" tests="1" failures="0" timestamp="15 Apr 2016 08:01:24 GMT" time="16.831" errors="0">
  <testcase name="mouseEvents" time="16.831" classname="demoPrograms.MouseEventsDemo"/>
</testsuite> <!-- demoPrograms.MouseEventsDemo -->
