<?xml version="1.0" encoding="UTF-8"?>
<!-- Generated by org.testng.reporters.JUnitReportReporter -->
<testsuite hostname="intel-PC" name="DemoPrograms.IframeWithJavaScript" tests="1" failures="0" timestamp="15 Apr 2016 05:12:59 GMT" time="17.193" errors="0">
  <testcase name="iFrameLocator" time="17.193" classname="DemoPrograms.IframeWithJavaScript"/>
</testsuite> <!-- DemoPrograms.IframeWithJavaScript -->
