<?xml version="1.0" encoding="UTF-8"?>
<!-- Generated by org.testng.reporters.JUnitReportReporter -->
<testsuite hostname="ADMIN-PC" name="Example" tests="1" failures="0" timestamp="21 Apr 2016 18:42:27 GMT" time="0.440" errors="0">
  <testcase name="extrctCookie" time="0.440" classname="Example"/>
</testsuite> <!-- Example -->
