<?xml version="1.0" encoding="UTF-8"?>
<!-- Generated by org.testng.reporters.JUnitReportReporter -->
<testsuite hostname="ADMIN-PC" name="alerts_popups.AlertPopupsDemo1" tests="1" failures="0" timestamp="21 Apr 2016 10:58:01 GMT" time="7.840" errors="0">
  <testcase name="Text" time="7.840" classname="alerts_popups.AlertPopupsDemo1"/>
</testsuite> <!-- alerts_popups.AlertPopupsDemo1 -->
