<?xml version="1.0" encoding="UTF-8"?>
<!-- Generated by org.testng.reporters.JUnitReportReporter -->
<testsuite hostname="intel-PC" name="DemoPrograms.SynchronizationDemo" tests="1" failures="0" timestamp="13 Apr 2016 18:30:21 GMT" time="18.254" errors="0">
  <testcase name="syncDemo" time="18.254" classname="DemoPrograms.SynchronizationDemo"/>
</testsuite> <!-- DemoPrograms.SynchronizationDemo -->
