<?xml version="1.0" encoding="UTF-8"?>
<!-- Generated by org.testng.reporters.JUnitReportReporter -->
<testsuite hostname="ADMIN-PC" name="autoIT.UploadFileAutoIT" tests="1" failures="0" timestamp="29 Apr 2016 03:34:13 GMT" time="17.019" errors="0">
  <testcase name="testUpload" time="17.019" classname="autoIT.UploadFileAutoIT"/>
</testsuite> <!-- autoIT.UploadFileAutoIT -->
