<?xml version="1.0" encoding="UTF-8"?>
<!-- Generated by org.testng.reporters.JUnitReportReporter -->
<testsuite hostname="ADMIN-PC" name="locators.GetCSSDemo" tests="1" failures="0" timestamp="21 Apr 2016 12:24:59 GMT" time="0.381" errors="0">
  <testcase name="readFontProperty" time="0.381" classname="locators.GetCSSDemo"/>
</testsuite> <!-- locators.GetCSSDemo -->
