<?xml version="1.0" encoding="UTF-8"?>
<!-- Generated by org.testng.reporters.JUnitReportReporter -->
<testsuite hostname="intel-PC" name="demoPrograms.DataToExcelPOIDemo" tests="1" failures="0" timestamp="15 Apr 2016 12:22:21 GMT" time="1.499" errors="0">
  <testcase name="dataToExcel" time="1.499" classname="demoPrograms.DataToExcelPOIDemo"/>
</testsuite> <!-- demoPrograms.DataToExcelPOIDemo -->
