<?xml version="1.0" encoding="UTF-8"?>
<!-- Generated by org.testng.reporters.JUnitReportReporter -->
<testsuite hostname="ADMIN-PC" name="testNG.TestNGGroupsDemo" tests="2" failures="0" timestamp="21 Apr 2016 17:49:29 GMT" time="0.020" errors="0">
  <testcase name="mahindra" time="0.010" classname="testNG.TestNGGroupsDemo"/>
  <testcase name="tata" time="0.010" classname="testNG.TestNGGroupsDemo"/>
</testsuite> <!-- testNG.TestNGGroupsDemo -->
