<?xml version="1.0" encoding="UTF-8"?>
<!-- Generated by org.testng.reporters.JUnitReportReporter -->
<testsuite hostname="ADMIN-PC" name="testNG.Grouping" tests="3" failures="0" timestamp="21 Apr 2016 17:55:00 GMT" time="0.030" errors="0">
  <testcase name="checkMail" time="0.000" classname="testNG.Grouping"/>
  <testcase name="logOut" time="0.010" classname="testNG.Grouping"/>
  <testcase name="logIn" time="0.020" classname="testNG.Grouping"/>
</testsuite> <!-- testNG.Grouping -->
