<?xml version="1.0" encoding="UTF-8"?>
<!-- Generated by org.testng.reporters.JUnitReportReporter -->
<testsuite hostname="ADMIN-PC" name="RedBus" tests="1" failures="0" timestamp="21 Apr 2016 19:32:02 GMT" time="36.244" errors="0">
  <testcase name="searchBus" time="36.244" classname="RedBus"/>
</testsuite> <!-- RedBus -->
