<?xml version="1.0" encoding="UTF-8"?>
<!-- Generated by org.testng.reporters.JUnitReportReporter -->
<testsuite hostname="ADMIN-PC" name="testNG.dataProvider.FormSubmit" tests="3" failures="0" timestamp="21 Apr 2016 16:43:11 GMT" time="9.812" errors="0">
  <testcase name="Submit" time="3.191" classname="testNG.dataProvider.FormSubmit"/>
  <testcase name="Submit" time="3.415" classname="testNG.dataProvider.FormSubmit"/>
  <testcase name="Submit" time="3.206" classname="testNG.dataProvider.FormSubmit"/>
</testsuite> <!-- testNG.dataProvider.FormSubmit -->
