<?xml version="1.0" encoding="UTF-8"?>
<!-- Generated by org.testng.reporters.JUnitReportReporter -->
<testsuite hostname="intel-PC" name="demoPrograms.DownloadFileCMD" tests="1" failures="0" timestamp="15 Apr 2016 06:13:42 GMT" time="10.065" errors="0">
  <testcase name="downLoadFile" time="10.065" classname="demoPrograms.DownloadFileCMD"/>
</testsuite> <!-- demoPrograms.DownloadFileCMD -->
