<?xml version="1.0" encoding="UTF-8"?>
<!-- Generated by org.testng.reporters.JUnitReportReporter -->
<testsuite hostname="intel-PC" name="DemoPrograms.AssertionsDemoPrg" tests="1" failures="0" timestamp="13 Apr 2016 18:30:21 GMT" time="14.381" errors="0">
  <testcase name="assertionDemo" time="14.381" classname="DemoPrograms.AssertionsDemoPrg"/>
</testsuite> <!-- DemoPrograms.AssertionsDemoPrg -->
