<?xml version="1.0" encoding="UTF-8"?>
<!-- Generated by org.testng.reporters.JUnitReportReporter -->
<testsuite hostname="intel-PC" name="demoPrograms.ScreenShotDemo" tests="1" failures="0" timestamp="15 Apr 2016 13:03:22 GMT" time="10.846" errors="0">
  <testcase name="openBrowser" time="10.846" classname="demoPrograms.ScreenShotDemo"/>
</testsuite> <!-- demoPrograms.ScreenShotDemo -->
