<?xml version="1.0" encoding="UTF-8"?>
<!-- Generated by org.testng.reporters.JUnitReportReporter -->
<testsuite hostname="intel-PC" name="DemoPrograms.TestNGAnnotationsDemo" tests="1" failures="0" timestamp="14 Apr 2016 04:06:26 GMT" time="0.015" errors="0">
  <testcase name="testDemo" time="0.015" classname="DemoPrograms.TestNGAnnotationsDemo"/>
</testsuite> <!-- DemoPrograms.TestNGAnnotationsDemo -->
