<?xml version="1.0" encoding="UTF-8"?>
<!-- Generated by org.testng.reporters.JUnitReportReporter -->
<testsuite hostname="ADMIN-PC" name="keyBoardEvents.ZoomInOut" tests="1" failures="0" timestamp="21 Apr 2016 18:36:57 GMT" time="3.299" errors="0">
  <testcase name="getScrollStatus" time="3.299" classname="keyBoardEvents.ZoomInOut"/>
</testsuite> <!-- keyBoardEvents.ZoomInOut -->
