<?xml version="1.0" encoding="UTF-8"?>
<!-- Generated by org.testng.reporters.JUnitReportReporter -->
<testsuite hostname="intel-PC" name="DemoPrograms.KeyBoardEventsDemo" tests="1" failures="0" timestamp="14 Apr 2016 12:21:41 GMT" time="10.038" errors="0">
  <testcase name="keywordEvents" time="10.038" classname="DemoPrograms.KeyBoardEventsDemo"/>
</testsuite> <!-- DemoPrograms.KeyBoardEventsDemo -->
