<?xml version="1.0" encoding="UTF-8"?>
<!-- Generated by org.testng.reporters.JUnitReportReporter -->
<testsuite hostname="ADMIN-PC" name="testNG.DisableTestMetod" tests="1" failures="0" timestamp="21 Apr 2016 17:40:11 GMT" time="1.272" errors="0">
  <testcase name="testCaseTwo_Test_One" time="1.272" classname="testNG.DisableTestMetod"/>
</testsuite> <!-- testNG.DisableTestMetod -->
